Start testing: Jan 27 13:01 RTZ 2 (çèìà)
----------------------------------------------------------
1/1 Testing: googletest_case-project
1/1 Test: googletest_case-project
Command: "C:/Users/zero/cxx/case-project/builds/windows/windows-googletest/bin/Release/googletest_case-project.exe"
Directory: C:/Users/zero/cxx/case-project/builds/windows/windows-googletest/googletest
"googletest_case-project" start time: Jan 27 13:01 RTZ 2 (çèìà)
Output:
----------------------------------------------------------
[==========] Running 4 tests from 1 test suite.
[----------] Global test environment set-up.
[----------] 4 tests from ExampleTests/ExampleTest
[ RUN      ] ExampleTests/ExampleTest.case_dummy/0
[       OK ] ExampleTests/ExampleTest.case_dummy/0 (0 ms)
[ RUN      ] ExampleTests/ExampleTest.case_dummy/1
[       OK ] ExampleTests/ExampleTest.case_dummy/1 (0 ms)
[ RUN      ] ExampleTests/ExampleTest.case_dummy_noexept/0
[       OK ] ExampleTests/ExampleTest.case_dummy_noexept/0 (0 ms)
[ RUN      ] ExampleTests/ExampleTest.case_dummy_noexept/1
[       OK ] ExampleTests/ExampleTest.case_dummy_noexept/1 (0 ms)
[----------] 4 tests from ExampleTests/ExampleTest (0 ms total)

[----------] Global test environment tear-down
[==========] 4 tests from 1 test suite ran. (0 ms total)
[  PASSED  ] 4 tests.
<end of output>
Test time =   0.19 sec
----------------------------------------------------------
Test Passed.
"googletest_case-project" end time: Jan 27 13:01 RTZ 2 (çèìà)
"googletest_case-project" time elapsed: 00:00:00
----------------------------------------------------------

End testing: Jan 27 13:01 RTZ 2 (çèìà)
