<?xml version="1.0" encoding="UTF-8"?>
<Site BuildName="Win32-MSBuild"
	BuildStamp="20250127-1000-Experimental"
	Name="zero-pc"
	Generator="ctest-3.31.4"
	CompilerName="C:/Program Files (x86)/Microsoft Visual Studio/2019/Community/VC/Tools/MSVC/14.29.30133/bin/Hostx64/x64/cl.exe"
	CompilerVersion="19.29.30154.0"
	OSName="Windows"
	Hostname="zero-pc"
	OSRelease=" Professional"
	OSVersion=" (Build 26100)"
	OSPlatform="AMD64"
	Is64Bits="1"
	VendorString="GenuineIntel"
	VendorID="Intel Corporation"
	FamilyID="6"
	ModelID="5"
	ModelName=""
	ProcessorCacheSize="-1"
	NumberOfLogicalCPU="16"
	NumberOfPhysicalCPU="8"
	TotalVirtualMemory="34665"
	TotalPhysicalMemory="32617"
	LogicalProcessorsPerPhysical="2"
	ProcessorClockFrequency="2904"
	>
	<Testing>
		<StartDateTime>Jan 27 13:01 RTZ 2 ([NON-UTF-8-BYTE-0xE7][NON-UTF-8-BYTE-0xE8][NON-UTF-8-BYTE-0xEC][NON-UTF-8-BYTE-0xE0])</StartDateTime>
		<StartTestTime>1737972092</StartTestTime>
		<TestList>
			<Test>./googletest/googletest_case-project</Test>
		</TestList>
		<Test Status="passed">
			<Name>googletest_case-project</Name>
			<Path>./googletest</Path>
			<FullName>./googletest/googletest_case-project</FullName>
			<FullCommandLine>C:\Users\zero\cxx\case-project\builds\windows\windows-googletest\bin\Release\googletest_case-project.exe</FullCommandLine>
			<Results>
				<NamedMeasurement type="numeric/double" name="Execution Time">
					<Value>0.193392</Value>
				</NamedMeasurement>
				<NamedMeasurement type="numeric/double" name="Processors">
					<Value>1</Value>
				</NamedMeasurement>
				<NamedMeasurement type="text/string" name="Completion Status">
					<Value>Completed</Value>
				</NamedMeasurement>
				<NamedMeasurement type="text/string" name="Command Line">
					<Value>C:\Users\zero\cxx\case-project\builds\windows\windows-googletest\bin\Release\googletest_case-project.exe</Value>
				</NamedMeasurement>
				<NamedMeasurement type="text/string" name="Environment">
					<Value>#CTEST_RESOURCE_GROUP_COUNT=</Value>
				</NamedMeasurement>
				<Measurement>
					<Value encoding="base64" compression="gzip">eJylkksLwjAQhO/5FXvUQ6sFrx4ExYOg0uopFIl2lUKzKU3i49/bh9QHFNo6t0128jFh+LRWCL4liukCEzCojYZzpiR45QDaxgZdxp1aISwTdRRJdY90jTNFEinfRePY9Gf569HFXcg0wV1xMvoYGAd/v4ZSYeOWexIaD5GV8jEa55ZKm1VbCwzGIPWwO8zrDvP6wg6k8I6p6ZHwbf0b3j3x21rDO9egcoJRRiRD1q50BkXmROpGjH92urHLkAlyv0F51O0sCBbz4pdeRpc9AcY7A9w=</Value>
				</Measurement>
			</Results>
		</Test>
		<EndDateTime>Jan 27 13:01 RTZ 2 ([NON-UTF-8-BYTE-0xE7][NON-UTF-8-BYTE-0xE8][NON-UTF-8-BYTE-0xEC][NON-UTF-8-BYTE-0xE0])</EndDateTime>
		<EndTestTime>1737972092</EndTestTime>
		<ElapsedMinutes>0</ElapsedMinutes>
	</Testing>
</Site>
