Start testing: Jan 27 13:53 MSK
----------------------------------------------------------
1/1 Testing: googletest_case-project
1/1 Test: googletest_case-project
Command: "/home/astra/cxx/case-project/builds/linux/linux-googletest-debug/bin/Debug/googletest_case-project"
Directory: /home/astra/cxx/case-project/builds/linux/linux-googletest-debug/googletest
"googletest_case-project" start time: Jan 27 13:53 MSK
Output:
----------------------------------------------------------
[==========] Running 4 tests from 1 test suite.
[----------] Global test environment set-up.
[----------] 4 tests from ExampleTests/ExampleTest
[ RUN      ] ExampleTests/ExampleTest.case_dummy/0
[       OK ] ExampleTests/ExampleTest.case_dummy/0 (0 ms)
[ RUN      ] ExampleTests/ExampleTest.case_dummy/1
[       OK ] ExampleTests/ExampleTest.case_dummy/1 (0 ms)
[ RUN      ] ExampleTests/ExampleTest.case_dummy_noexept/0
[       OK ] ExampleTests/ExampleTest.case_dummy_noexept/0 (0 ms)
[ RUN      ] ExampleTests/ExampleTest.case_dummy_noexept/1
[       OK ] ExampleTests/ExampleTest.case_dummy_noexept/1 (0 ms)
[----------] 4 tests from ExampleTests/ExampleTest (0 ms total)

[----------] Global test environment tear-down
[==========] 4 tests from 1 test suite ran. (0 ms total)
[  PASSED  ] 4 tests.
<end of output>
Test time =   0.00 sec
----------------------------------------------------------
Test Passed.
"googletest_case-project" end time: Jan 27 13:53 MSK
"googletest_case-project" time elapsed: 00:00:00
----------------------------------------------------------

End testing: Jan 27 13:53 MSK
