<?xml version="1.0" encoding="UTF-8"?>
<Site BuildName="Linux-c++"
	BuildStamp="20250127-1052-Experimental"
	Name="zero-pc"
	Generator="ctest-3.31.20250124-g7210f2d"
	CompilerName="/usr/bin/c++"
	CompilerVersion="8.3.0"
	OSName="Linux"
	Hostname="zero-pc"
	OSRelease="5.15.167.4-microsoft-standard-WSL2"
	OSVersion="#1 SMP Tue Nov 5 00:21:55 UTC 2024"
	OSPlatform="x86_64"
	Is64Bits="1"
	VendorString="GenuineIntel"
	VendorID="Intel Corporation"
	FamilyID="6"
	ModelID="165"
	ModelName="Intel(R) Core(TM) i7-10700 CPU @ 2.90GHz"
	ProcessorCacheSize="16384"
	NumberOfLogicalCPU="16"
	NumberOfPhysicalCPU="8"
	TotalVirtualMemory="4096"
	TotalPhysicalMemory="15920"
	LogicalProcessorsPerPhysical="2"
	ProcessorClockFrequency="2904"
	>
	<Testing>
		<StartDateTime>Jan 27 13:53 MSK</StartDateTime>
		<StartTestTime>1737975212</StartTestTime>
		<TestList/>
		<EndDateTime>Jan 27 13:53 MSK</EndDateTime>
		<EndTestTime>1737975212</EndTestTime>
		<ElapsedMinutes>0</ElapsedMinutes>
	</Testing>
</Site>
